2023-10-11 16:48:04 error: uncaughtException: Cannot read properties of undefined (reading 'use')
TypeError: Cannot read properties of undefined (reading 'use')
    at App.initializeMiddleware (/home/phmahendra/code/webdev/kasirku/server/src/app.ts:37:14)
    at new App (/home/phmahendra/code/webdev/kasirku/server/src/app.ts:18:10)
    at Object.<anonymous> (/home/phmahendra/code/webdev/kasirku/server/src/server.ts:7:13)
    at Module._compile (node:internal/modules/cjs/loader:1254:14)
    at Module.m._compile (/home/phmahendra/code/webdev/kasirku/server/node_modules/ts-node/src/index.ts:1618:23)
    at Module._extensions..js (node:internal/modules/cjs/loader:1308:10)
    at Object.require.extensions.<computed> [as .ts] (/home/phmahendra/code/webdev/kasirku/server/node_modules/ts-node/src/index.ts:1621:12)
    at Module.load (node:internal/modules/cjs/loader:1117:32)
    at Function.Module._load (node:internal/modules/cjs/loader:958:12)
    at Function.executeUserEntryPoint [as runMain] (node:internal/modules/run_main:81:12)
2023-10-11 16:49:40 error: uncaughtException: Cannot read properties of undefined (reading 'use')
TypeError: Cannot read properties of undefined (reading 'use')
    at App.initializeMiddleware (/home/phmahendra/code/webdev/kasirku/server/src/app.ts:37:14)
    at new App (/home/phmahendra/code/webdev/kasirku/server/src/app.ts:18:10)
    at Object.<anonymous> (/home/phmahendra/code/webdev/kasirku/server/src/server.ts:7:13)
    at Module._compile (node:internal/modules/cjs/loader:1254:14)
    at Module.m._compile (/home/phmahendra/code/webdev/kasirku/server/node_modules/ts-node/src/index.ts:1618:23)
    at Module._extensions..js (node:internal/modules/cjs/loader:1308:10)
    at Object.require.extensions.<computed> [as .ts] (/home/phmahendra/code/webdev/kasirku/server/node_modules/ts-node/src/index.ts:1621:12)
    at Module.load (node:internal/modules/cjs/loader:1117:32)
    at Function.Module._load (node:internal/modules/cjs/loader:958:12)
    at Function.executeUserEntryPoint [as runMain] (node:internal/modules/run_main:81:12)
2023-10-11 16:50:20 error: uncaughtException: Cannot read properties of undefined (reading 'use')
TypeError: Cannot read properties of undefined (reading 'use')
    at App.initializeMiddleware (/home/phmahendra/code/webdev/kasirku/server/src/app.ts:37:14)
    at new App (/home/phmahendra/code/webdev/kasirku/server/src/app.ts:18:10)
    at Object.<anonymous> (/home/phmahendra/code/webdev/kasirku/server/src/server.ts:7:13)
    at Module._compile (node:internal/modules/cjs/loader:1254:14)
    at Module.m._compile (/home/phmahendra/code/webdev/kasirku/server/node_modules/ts-node/src/index.ts:1618:23)
    at Module._extensions..js (node:internal/modules/cjs/loader:1308:10)
    at Object.require.extensions.<computed> [as .ts] (/home/phmahendra/code/webdev/kasirku/server/node_modules/ts-node/src/index.ts:1621:12)
    at Module.load (node:internal/modules/cjs/loader:1117:32)
    at Function.Module._load (node:internal/modules/cjs/loader:958:12)
    at Function.executeUserEntryPoint [as runMain] (node:internal/modules/run_main:81:12)
2023-10-11 16:52:19 error: uncaughtException: Cannot read properties of undefined (reading 'use')
TypeError: Cannot read properties of undefined (reading 'use')
    at App.initializeMiddleware (/home/phmahendra/code/webdev/kasirku/server/src/app.ts:37:14)
    at new App (/home/phmahendra/code/webdev/kasirku/server/src/app.ts:18:10)
    at Object.<anonymous> (/home/phmahendra/code/webdev/kasirku/server/src/server.ts:7:13)
    at Module._compile (node:internal/modules/cjs/loader:1254:14)
    at Module.m._compile (/home/phmahendra/code/webdev/kasirku/server/node_modules/ts-node/src/index.ts:1618:23)
    at Module._extensions..js (node:internal/modules/cjs/loader:1308:10)
    at Object.require.extensions.<computed> [as .ts] (/home/phmahendra/code/webdev/kasirku/server/node_modules/ts-node/src/index.ts:1621:12)
    at Module.load (node:internal/modules/cjs/loader:1117:32)
    at Function.Module._load (node:internal/modules/cjs/loader:958:12)
    at Function.executeUserEntryPoint [as runMain] (node:internal/modules/run_main:81:12)
2023-10-11 16:52:40 error: uncaughtException: Cannot read properties of undefined (reading 'use')
TypeError: Cannot read properties of undefined (reading 'use')
    at App.initializeMiddleware (/home/phmahendra/code/webdev/kasirku/server/src/app.ts:37:14)
    at new App (/home/phmahendra/code/webdev/kasirku/server/src/app.ts:18:10)
    at Object.<anonymous> (/home/phmahendra/code/webdev/kasirku/server/src/server.ts:7:13)
    at Module._compile (node:internal/modules/cjs/loader:1254:14)
    at Module.m._compile (/home/phmahendra/code/webdev/kasirku/server/node_modules/ts-node/src/index.ts:1618:23)
    at Module._extensions..js (node:internal/modules/cjs/loader:1308:10)
    at Object.require.extensions.<computed> [as .ts] (/home/phmahendra/code/webdev/kasirku/server/node_modules/ts-node/src/index.ts:1621:12)
    at Module.load (node:internal/modules/cjs/loader:1117:32)
    at Function.Module._load (node:internal/modules/cjs/loader:958:12)
    at Function.executeUserEntryPoint [as runMain] (node:internal/modules/run_main:81:12)
2023-10-11 16:53:11 error: uncaughtException: Cannot read properties of undefined (reading 'use')
TypeError: Cannot read properties of undefined (reading 'use')
    at App.initializeMiddleware (/home/phmahendra/code/webdev/kasirku/server/src/app.ts:37:14)
    at new App (/home/phmahendra/code/webdev/kasirku/server/src/app.ts:18:10)
    at Object.<anonymous> (/home/phmahendra/code/webdev/kasirku/server/src/server.ts:7:13)
    at Module._compile (node:internal/modules/cjs/loader:1254:14)
    at Module.m._compile (/home/phmahendra/code/webdev/kasirku/server/node_modules/ts-node/src/index.ts:1618:23)
    at Module._extensions..js (node:internal/modules/cjs/loader:1308:10)
    at Object.require.extensions.<computed> [as .ts] (/home/phmahendra/code/webdev/kasirku/server/node_modules/ts-node/src/index.ts:1621:12)
    at Module.load (node:internal/modules/cjs/loader:1117:32)
    at Function.Module._load (node:internal/modules/cjs/loader:958:12)
    at Function.executeUserEntryPoint [as runMain] (node:internal/modules/run_main:81:12)
2023-10-11 16:53:55 error: uncaughtException: Cannot read properties of undefined (reading 'use')
TypeError: Cannot read properties of undefined (reading 'use')
    at App.initializeMiddleware (/home/phmahendra/code/webdev/kasirku/server/src/app.ts:37:14)
    at new App (/home/phmahendra/code/webdev/kasirku/server/src/app.ts:18:10)
    at Object.<anonymous> (/home/phmahendra/code/webdev/kasirku/server/src/server.ts:7:13)
    at Module._compile (node:internal/modules/cjs/loader:1254:14)
    at Module.m._compile (/home/phmahendra/code/webdev/kasirku/server/node_modules/ts-node/src/index.ts:1618:23)
    at Module._extensions..js (node:internal/modules/cjs/loader:1308:10)
    at Object.require.extensions.<computed> [as .ts] (/home/phmahendra/code/webdev/kasirku/server/node_modules/ts-node/src/index.ts:1621:12)
    at Module.load (node:internal/modules/cjs/loader:1117:32)
    at Function.Module._load (node:internal/modules/cjs/loader:958:12)
    at Function.executeUserEntryPoint [as runMain] (node:internal/modules/run_main:81:12)
2023-10-11 16:55:49 error: uncaughtException: Cannot read properties of undefined (reading 'use')
TypeError: Cannot read properties of undefined (reading 'use')
    at App.initializeMiddleware (/home/phmahendra/code/webdev/kasirku/server/src/app.ts:37:14)
    at new App (/home/phmahendra/code/webdev/kasirku/server/src/app.ts:18:10)
    at Object.<anonymous> (/home/phmahendra/code/webdev/kasirku/server/src/server.ts:7:13)
    at Module._compile (node:internal/modules/cjs/loader:1254:14)
    at Module.m._compile (/home/phmahendra/code/webdev/kasirku/server/node_modules/ts-node/src/index.ts:1618:23)
    at Module._extensions..js (node:internal/modules/cjs/loader:1308:10)
    at Object.require.extensions.<computed> [as .ts] (/home/phmahendra/code/webdev/kasirku/server/node_modules/ts-node/src/index.ts:1621:12)
    at Module.load (node:internal/modules/cjs/loader:1117:32)
    at Function.Module._load (node:internal/modules/cjs/loader:958:12)
    at Function.executeUserEntryPoint [as runMain] (node:internal/modules/run_main:81:12)
2023-10-11 16:57:49 error: uncaughtException: Cannot read properties of undefined (reading 'use')
TypeError: Cannot read properties of undefined (reading 'use')
    at App.initializeMiddleware (/home/phmahendra/code/webdev/kasirku/server/src/app.ts:37:14)
    at new App (/home/phmahendra/code/webdev/kasirku/server/src/app.ts:18:10)
    at Object.<anonymous> (/home/phmahendra/code/webdev/kasirku/server/src/server.ts:7:13)
    at Module._compile (node:internal/modules/cjs/loader:1254:14)
    at Module.m._compile (/home/phmahendra/code/webdev/kasirku/server/node_modules/ts-node/src/index.ts:1618:23)
    at Module._extensions..js (node:internal/modules/cjs/loader:1308:10)
    at Object.require.extensions.<computed> [as .ts] (/home/phmahendra/code/webdev/kasirku/server/node_modules/ts-node/src/index.ts:1621:12)
    at Module.load (node:internal/modules/cjs/loader:1117:32)
    at Function.Module._load (node:internal/modules/cjs/loader:958:12)
    at Function.executeUserEntryPoint [as runMain] (node:internal/modules/run_main:81:12)
2023-10-11 16:58:16 error: uncaughtException: Cannot read properties of undefined (reading 'use')
TypeError: Cannot read properties of undefined (reading 'use')
    at App.initializeMiddleware (/home/phmahendra/code/webdev/kasirku/server/src/app.ts:37:14)
    at new App (/home/phmahendra/code/webdev/kasirku/server/src/app.ts:18:10)
    at Object.<anonymous> (/home/phmahendra/code/webdev/kasirku/server/src/server.ts:7:13)
    at Module._compile (node:internal/modules/cjs/loader:1254:14)
    at Module.m._compile (/home/phmahendra/code/webdev/kasirku/server/node_modules/ts-node/src/index.ts:1618:23)
    at Module._extensions..js (node:internal/modules/cjs/loader:1308:10)
    at Object.require.extensions.<computed> [as .ts] (/home/phmahendra/code/webdev/kasirku/server/node_modules/ts-node/src/index.ts:1621:12)
    at Module.load (node:internal/modules/cjs/loader:1117:32)
    at Function.Module._load (node:internal/modules/cjs/loader:958:12)
    at Function.executeUserEntryPoint [as runMain] (node:internal/modules/run_main:81:12)
2023-10-11 17:00:11 error: uncaughtException: Cannot read properties of undefined (reading 'use')
TypeError: Cannot read properties of undefined (reading 'use')
    at App.initializeMiddleware (/home/phmahendra/code/webdev/kasirku/server/src/app.ts:37:14)
    at new App (/home/phmahendra/code/webdev/kasirku/server/src/app.ts:18:10)
    at Object.<anonymous> (/home/phmahendra/code/webdev/kasirku/server/src/server.ts:7:13)
    at Module._compile (node:internal/modules/cjs/loader:1254:14)
    at Module.m._compile (/home/phmahendra/code/webdev/kasirku/server/node_modules/ts-node/src/index.ts:1618:23)
    at Module._extensions..js (node:internal/modules/cjs/loader:1308:10)
    at Object.require.extensions.<computed> [as .ts] (/home/phmahendra/code/webdev/kasirku/server/node_modules/ts-node/src/index.ts:1621:12)
    at Module.load (node:internal/modules/cjs/loader:1117:32)
    at Function.Module._load (node:internal/modules/cjs/loader:958:12)
    at Function.executeUserEntryPoint [as runMain] (node:internal/modules/run_main:81:12)
2023-10-11 17:00:39 error: uncaughtException: auth_route_1.AuthRoutes is not a constructor
TypeError: auth_route_1.AuthRoutes is not a constructor
    at Object.<anonymous> (/home/phmahendra/code/webdev/kasirku/server/src/server.ts:7:22)
    at Module._compile (node:internal/modules/cjs/loader:1254:14)
    at Module.m._compile (/home/phmahendra/code/webdev/kasirku/server/node_modules/ts-node/src/index.ts:1618:23)
    at Module._extensions..js (node:internal/modules/cjs/loader:1308:10)
    at Object.require.extensions.<computed> [as .ts] (/home/phmahendra/code/webdev/kasirku/server/node_modules/ts-node/src/index.ts:1621:12)
    at Module.load (node:internal/modules/cjs/loader:1117:32)
    at Function.Module._load (node:internal/modules/cjs/loader:958:12)
    at Function.executeUserEntryPoint [as runMain] (node:internal/modules/run_main:81:12)
    at phase4 (/home/phmahendra/code/webdev/kasirku/server/node_modules/ts-node/src/bin.ts:649:14)
    at bootstrap (/home/phmahendra/code/webdev/kasirku/server/node_modules/ts-node/src/bin.ts:95:10)
2023-10-11 17:00:44 error: uncaughtException: тип Unable to compile TypeScript:
[96msrc/controllers/users.controller.ts[0m:[93m9[0m:[93m79[0m - [91merror[0m[90m TS1005: [0m'=>' expected.

[7m9[0m     public getUsers = async (req: Request, res: Response, next: NextFunction) {
[7m [0m [91m                                                                              ~[0m

TSError: тип Unable to compile TypeScript:
[96msrc/controllers/users.controller.ts[0m:[93m9[0m:[93m79[0m - [91merror[0m[90m TS1005: [0m'=>' expected.

[7m9[0m     public getUsers = async (req: Request, res: Response, next: NextFunction) {
[7m [0m [91m                                                                              ~[0m

    at createTSError (/home/phmahendra/code/webdev/kasirku/server/node_modules/ts-node/src/index.ts:859:12)
    at reportTSError (/home/phmahendra/code/webdev/kasirku/server/node_modules/ts-node/src/index.ts:863:19)
    at /home/phmahendra/code/webdev/kasirku/server/node_modules/ts-node/src/index.ts:1379:34
    at Object.compile (/home/phmahendra/code/webdev/kasirku/server/node_modules/ts-node/src/index.ts:1458:13)
    at Module.m._compile (/home/phmahendra/code/webdev/kasirku/server/node_modules/ts-node/src/index.ts:1617:30)
    at Module._extensions..js (node:internal/modules/cjs/loader:1308:10)
    at Object.require.extensions.<computed> [as .ts] (/home/phmahendra/code/webdev/kasirku/server/node_modules/ts-node/src/index.ts:1621:12)
    at Module.load (node:internal/modules/cjs/loader:1117:32)
    at Function.Module._load (node:internal/modules/cjs/loader:958:12)
    at Module.require (node:internal/modules/cjs/loader:1141:19)
2023-10-11 17:01:20 error: uncaughtException: _a.getMetadata is not a function
TypeError: _a.getMetadata is not a function
    at ContainerInstance.getServiceValue (/home/phmahendra/code/webdev/kasirku/server/node_modules/src/container-instance.class.ts:276:44)
    at ContainerInstance.get (/home/phmahendra/code/webdev/kasirku/server/node_modules/src/container-instance.class.ts:54:36)
    at Function.get (/home/phmahendra/code/webdev/kasirku/server/node_modules/src/container.class.ts:61:32)
    at new UserController (/home/phmahendra/code/webdev/kasirku/server/src/controllers/users.controller.ts:7:27)
    at new UserRoute (/home/phmahendra/code/webdev/kasirku/server/src/routes/users.route.ts:8:17)
    at Object.<anonymous> (/home/phmahendra/code/webdev/kasirku/server/src/server.ts:8:39)
    at Module._compile (node:internal/modules/cjs/loader:1254:14)
    at Module.m._compile (/home/phmahendra/code/webdev/kasirku/server/node_modules/ts-node/src/index.ts:1618:23)
    at Module._extensions..js (node:internal/modules/cjs/loader:1308:10)
    at Object.require.extensions.<computed> [as .ts] (/home/phmahendra/code/webdev/kasirku/server/node_modules/ts-node/src/index.ts:1621:12)
2023-10-11 17:01:48 error: uncaughtException: _a.getMetadata is not a function
TypeError: _a.getMetadata is not a function
    at ContainerInstance.getServiceValue (/home/phmahendra/code/webdev/kasirku/server/node_modules/src/container-instance.class.ts:276:44)
    at ContainerInstance.get (/home/phmahendra/code/webdev/kasirku/server/node_modules/src/container-instance.class.ts:54:36)
    at Function.get (/home/phmahendra/code/webdev/kasirku/server/node_modules/src/container.class.ts:61:32)
    at new UserController (/home/phmahendra/code/webdev/kasirku/server/src/controllers/users.controller.ts:7:27)
    at new UserRoute (/home/phmahendra/code/webdev/kasirku/server/src/routes/users.route.ts:8:17)
    at Object.<anonymous> (/home/phmahendra/code/webdev/kasirku/server/src/server.ts:8:39)
    at Module._compile (node:internal/modules/cjs/loader:1254:14)
    at Module.m._compile (/home/phmahendra/code/webdev/kasirku/server/node_modules/ts-node/src/index.ts:1618:23)
    at Module._extensions..js (node:internal/modules/cjs/loader:1308:10)
    at Object.require.extensions.<computed> [as .ts] (/home/phmahendra/code/webdev/kasirku/server/node_modules/ts-node/src/index.ts:1621:12)
2023-10-11 17:01:58 error: uncaughtException: _a.getMetadata is not a function
TypeError: _a.getMetadata is not a function
    at ContainerInstance.getServiceValue (/home/phmahendra/code/webdev/kasirku/server/node_modules/src/container-instance.class.ts:276:44)
    at ContainerInstance.get (/home/phmahendra/code/webdev/kasirku/server/node_modules/src/container-instance.class.ts:54:36)
    at Function.get (/home/phmahendra/code/webdev/kasirku/server/node_modules/src/container.class.ts:61:32)
    at new UserController (/home/phmahendra/code/webdev/kasirku/server/src/controllers/users.controller.ts:7:27)
    at new UserRoute (/home/phmahendra/code/webdev/kasirku/server/src/routes/users.route.ts:8:17)
    at Object.<anonymous> (/home/phmahendra/code/webdev/kasirku/server/src/server.ts:8:39)
    at Module._compile (node:internal/modules/cjs/loader:1254:14)
    at Module.m._compile (/home/phmahendra/code/webdev/kasirku/server/node_modules/ts-node/src/index.ts:1618:23)
    at Module._extensions..js (node:internal/modules/cjs/loader:1308:10)
    at Object.require.extensions.<computed> [as .ts] (/home/phmahendra/code/webdev/kasirku/server/node_modules/ts-node/src/index.ts:1621:12)
2023-10-11 17:02:05 error: uncaughtException: _a.getMetadata is not a function
TypeError: _a.getMetadata is not a function
    at ContainerInstance.getServiceValue (/home/phmahendra/code/webdev/kasirku/server/node_modules/src/container-instance.class.ts:276:44)
    at ContainerInstance.get (/home/phmahendra/code/webdev/kasirku/server/node_modules/src/container-instance.class.ts:54:36)
    at Function.get (/home/phmahendra/code/webdev/kasirku/server/node_modules/src/container.class.ts:61:32)
    at new UserController (/home/phmahendra/code/webdev/kasirku/server/src/controllers/users.controller.ts:7:27)
    at new UserRoute (/home/phmahendra/code/webdev/kasirku/server/src/routes/users.route.ts:8:17)
    at Object.<anonymous> (/home/phmahendra/code/webdev/kasirku/server/src/server.ts:8:39)
    at Module._compile (node:internal/modules/cjs/loader:1254:14)
    at Module.m._compile (/home/phmahendra/code/webdev/kasirku/server/node_modules/ts-node/src/index.ts:1618:23)
    at Module._extensions..js (node:internal/modules/cjs/loader:1308:10)
    at Object.require.extensions.<computed> [as .ts] (/home/phmahendra/code/webdev/kasirku/server/node_modules/ts-node/src/index.ts:1621:12)
2023-10-11 17:05:23 error: uncaughtException: _a.getMetadata is not a function
TypeError: _a.getMetadata is not a function
    at ContainerInstance.getServiceValue (/home/phmahendra/code/webdev/kasirku/server/node_modules/src/container-instance.class.ts:276:44)
    at ContainerInstance.get (/home/phmahendra/code/webdev/kasirku/server/node_modules/src/container-instance.class.ts:54:36)
    at Function.get (/home/phmahendra/code/webdev/kasirku/server/node_modules/src/container.class.ts:61:32)
    at new UserController (/home/phmahendra/code/webdev/kasirku/server/src/controllers/users.controller.ts:7:27)
    at new UserRoute (/home/phmahendra/code/webdev/kasirku/server/src/routes/users.route.ts:8:17)
    at Object.<anonymous> (/home/phmahendra/code/webdev/kasirku/server/src/server.ts:8:39)
    at Module._compile (node:internal/modules/cjs/loader:1254:14)
    at Module.m._compile (/home/phmahendra/code/webdev/kasirku/server/node_modules/ts-node/src/index.ts:1618:23)
    at Module._extensions..js (node:internal/modules/cjs/loader:1308:10)
    at Object.require.extensions.<computed> [as .ts] (/home/phmahendra/code/webdev/kasirku/server/node_modules/ts-node/src/index.ts:1621:12)
2023-10-11 17:06:48 error: uncaughtException: _a.getMetadata is not a function
TypeError: _a.getMetadata is not a function
    at ContainerInstance.getServiceValue (/home/phmahendra/code/webdev/kasirku/server/node_modules/src/container-instance.class.ts:276:44)
    at ContainerInstance.get (/home/phmahendra/code/webdev/kasirku/server/node_modules/src/container-instance.class.ts:54:36)
    at Function.get (/home/phmahendra/code/webdev/kasirku/server/node_modules/src/container.class.ts:61:32)
    at new UserController (/home/phmahendra/code/webdev/kasirku/server/src/controllers/users.controller.ts:7:27)
    at new UserRoute (/home/phmahendra/code/webdev/kasirku/server/src/routes/users.route.ts:8:17)
    at Object.<anonymous> (/home/phmahendra/code/webdev/kasirku/server/src/server.ts:8:39)
    at Module._compile (node:internal/modules/cjs/loader:1254:14)
    at Module.m._compile (/home/phmahendra/code/webdev/kasirku/server/node_modules/ts-node/src/index.ts:1618:23)
    at Module._extensions..js (node:internal/modules/cjs/loader:1308:10)
    at Object.require.extensions.<computed> [as .ts] (/home/phmahendra/code/webdev/kasirku/server/node_modules/ts-node/src/index.ts:1621:12)
2023-10-11 17:07:21 error: uncaughtException: _a.getMetadata is not a function
TypeError: _a.getMetadata is not a function
    at ContainerInstance.getServiceValue (/home/phmahendra/code/webdev/kasirku/server/node_modules/src/container-instance.class.ts:276:44)
    at ContainerInstance.get (/home/phmahendra/code/webdev/kasirku/server/node_modules/src/container-instance.class.ts:54:36)
    at Function.get (/home/phmahendra/code/webdev/kasirku/server/node_modules/src/container.class.ts:61:32)
    at new UserController (/home/phmahendra/code/webdev/kasirku/server/src/controllers/users.controller.ts:7:27)
    at new UserRoute (/home/phmahendra/code/webdev/kasirku/server/src/routes/users.route.ts:8:17)
    at Object.<anonymous> (/home/phmahendra/code/webdev/kasirku/server/src/server.ts:8:39)
    at Module._compile (node:internal/modules/cjs/loader:1254:14)
    at Module.m._compile (/home/phmahendra/code/webdev/kasirku/server/node_modules/ts-node/src/index.ts:1618:23)
    at Module._extensions..js (node:internal/modules/cjs/loader:1308:10)
    at Object.require.extensions.<computed> [as .ts] (/home/phmahendra/code/webdev/kasirku/server/node_modules/ts-node/src/index.ts:1621:12)
2023-10-11 17:12:10 error: uncaughtException: Cannot read properties of undefined (reading 'use')
TypeError: Cannot read properties of undefined (reading 'use')
    at App.initializeMiddleware (/home/phmahendra/code/webdev/kasirku/server/src/app.ts:38:14)
    at new App (/home/phmahendra/code/webdev/kasirku/server/src/app.ts:19:10)
    at Object.<anonymous> (/home/phmahendra/code/webdev/kasirku/server/src/server.ts:8:13)
    at Module._compile (node:internal/modules/cjs/loader:1254:14)
    at Module.m._compile (/home/phmahendra/code/webdev/kasirku/server/node_modules/ts-node/src/index.ts:1618:23)
    at Module._extensions..js (node:internal/modules/cjs/loader:1308:10)
    at Object.require.extensions.<computed> [as .ts] (/home/phmahendra/code/webdev/kasirku/server/node_modules/ts-node/src/index.ts:1621:12)
    at Module.load (node:internal/modules/cjs/loader:1117:32)
    at Function.Module._load (node:internal/modules/cjs/loader:958:12)
    at Function.executeUserEntryPoint [as runMain] (node:internal/modules/run_main:81:12)
2023-10-11 17:12:37 error: uncaughtException: Cannot read properties of undefined (reading 'use')
TypeError: Cannot read properties of undefined (reading 'use')
    at App.initializeMiddleware (/home/phmahendra/code/webdev/kasirku/server/src/app.ts:38:14)
    at new App (/home/phmahendra/code/webdev/kasirku/server/src/app.ts:19:10)
    at Object.<anonymous> (/home/phmahendra/code/webdev/kasirku/server/src/server.ts:8:13)
    at Module._compile (node:internal/modules/cjs/loader:1254:14)
    at Module.m._compile (/home/phmahendra/code/webdev/kasirku/server/node_modules/ts-node/src/index.ts:1618:23)
    at Module._extensions..js (node:internal/modules/cjs/loader:1308:10)
    at Object.require.extensions.<computed> [as .ts] (/home/phmahendra/code/webdev/kasirku/server/node_modules/ts-node/src/index.ts:1621:12)
    at Module.load (node:internal/modules/cjs/loader:1117:32)
    at Function.Module._load (node:internal/modules/cjs/loader:958:12)
    at Function.executeUserEntryPoint [as runMain] (node:internal/modules/run_main:81:12)
2023-10-11 17:12:51 error: uncaughtException: Cannot read properties of undefined (reading 'use')
TypeError: Cannot read properties of undefined (reading 'use')
    at App.initializeMiddleware (/home/phmahendra/code/webdev/kasirku/server/src/app.ts:38:14)
    at new App (/home/phmahendra/code/webdev/kasirku/server/src/app.ts:19:10)
    at Object.<anonymous> (/home/phmahendra/code/webdev/kasirku/server/src/server.ts:8:13)
    at Module._compile (node:internal/modules/cjs/loader:1254:14)
    at Module.m._compile (/home/phmahendra/code/webdev/kasirku/server/node_modules/ts-node/src/index.ts:1618:23)
    at Module._extensions..js (node:internal/modules/cjs/loader:1308:10)
    at Object.require.extensions.<computed> [as .ts] (/home/phmahendra/code/webdev/kasirku/server/node_modules/ts-node/src/index.ts:1621:12)
    at Module.load (node:internal/modules/cjs/loader:1117:32)
    at Function.Module._load (node:internal/modules/cjs/loader:958:12)
    at Function.executeUserEntryPoint [as runMain] (node:internal/modules/run_main:81:12)
2023-10-11 19:37:59 error: [POST] /signup >> StatusCode:: 500, Message:: notNull Violation: UserModel.imgUrl cannot be null
2023-10-11 20:26:46 error: [POST] /login >> StatusCode:: 409, Message:: Password not matching
2023-10-11 20:27:00 error: [POST] /login >> StatusCode:: 500, Message:: secretOrPrivateKey must have a value
2023-10-11 20:28:09 error: [POST] /login >> StatusCode:: 500, Message:: secretOrPrivateKey must have a value
2023-10-11 20:36:51 error: [POST] /login >> StatusCode:: 409, Message:: Password not matching
2023-10-11 21:39:00 error: [POST] /login >> StatusCode:: 409, Message:: Password not matching
2023-10-11 22:12:30 error: [POST] /login >> StatusCode:: 409, Message:: Password not matching
2023-10-11 22:12:45 error: [POST] /login >> StatusCode:: 409, Message:: Password not matching
